2021-09-20T09:23:41+00:00 CRITICAL Uncaught ValueError: Unknown format specifier "a" in C:\xampp\htdocs\grundsolo\wp-content\plugins\woosidebars\classes\class-woo-sidebars.php:170
Stack trace:
#0 C:\xampp\htdocs\grundsolo\wp-content\plugins\woosidebars\classes\class-woo-sidebars.php(170): sprintf('Search %a', 'Widget Areas')
#1 C:\xampp\htdocs\grundsolo\wp-includes\class-wp-hook.php(303): Woo_Sidebars->register_post_type('')
#2 C:\xampp\htdocs\grundsolo\wp-includes\class-wp-hook.php(327): WP_Hook->apply_filters(NULL, Array)
#3 C:\xampp\htdocs\grundsolo\wp-includes\plugin.php(470): WP_Hook->do_action(Array)
#4 C:\xampp\htdocs\grundsolo\wp-settings.php(578): do_action('init')
#5 C:\xampp\htdocs\grundsolo\wp-config.php(177): require_once('C:\\xampp\\htdocs...')
#6 C:\xampp\htdocs\grundsolo\wp-load.php(50): require_once('C:\\xampp\\htdocs...')
#7 C:\xampp\htdocs\grundsolo\wp-admin\admin.php(34): require_once('C:\\xampp\\htdocs...')
#8 C:\xampp\htdocs\grundsolo\wp-admin\plugins.php(10): require_once('C:\\xampp\\htdocs...')
#9 {main}
  thrown в C:\xampp\htdocs\grundsolo\wp-content\plugins\woosidebars\classes\class-woo-sidebars.php на строке 170

2021-09-20T09:24:17+00:00 CRITICAL Uncaught ValueError: Unknown format specifier "a" in C:\xampp\htdocs\grundsolo\wp-content\plugins\woosidebars\classes\class-woo-sidebars.php:170
Stack trace:
#0 C:\xampp\htdocs\grundsolo\wp-content\plugins\woosidebars\classes\class-woo-sidebars.php(170): sprintf('Search %a', 'Widget Areas')
#1 C:\xampp\htdocs\grundsolo\wp-includes\class-wp-hook.php(303): Woo_Sidebars->register_post_type('')
#2 C:\xampp\htdocs\grundsolo\wp-includes\class-wp-hook.php(327): WP_Hook->apply_filters(NULL, Array)
#3 C:\xampp\htdocs\grundsolo\wp-includes\plugin.php(470): WP_Hook->do_action(Array)
#4 C:\xampp\htdocs\grundsolo\wp-settings.php(578): do_action('init')
#5 C:\xampp\htdocs\grundsolo\wp-config.php(177): require_once('C:\\xampp\\htdocs...')
#6 C:\xampp\htdocs\grundsolo\wp-load.php(50): require_once('C:\\xampp\\htdocs...')
#7 C:\xampp\htdocs\grundsolo\wp-admin\admin.php(34): require_once('C:\\xampp\\htdocs...')
#8 C:\xampp\htdocs\grundsolo\wp-admin\plugins.php(10): require_once('C:\\xampp\\htdocs...')
#9 {main}
  thrown в C:\xampp\htdocs\grundsolo\wp-content\plugins\woosidebars\classes\class-woo-sidebars.php на строке 170

2021-09-20T09:24:22+00:00 CRITICAL Uncaught ValueError: Unknown format specifier "a" in C:\xampp\htdocs\grundsolo\wp-content\plugins\woosidebars\classes\class-woo-sidebars.php:170
Stack trace:
#0 C:\xampp\htdocs\grundsolo\wp-content\plugins\woosidebars\classes\class-woo-sidebars.php(170): sprintf('Search %a', 'Widget Areas')
#1 C:\xampp\htdocs\grundsolo\wp-includes\class-wp-hook.php(303): Woo_Sidebars->register_post_type('')
#2 C:\xampp\htdocs\grundsolo\wp-includes\class-wp-hook.php(327): WP_Hook->apply_filters(NULL, Array)
#3 C:\xampp\htdocs\grundsolo\wp-includes\plugin.php(470): WP_Hook->do_action(Array)
#4 C:\xampp\htdocs\grundsolo\wp-settings.php(578): do_action('init')
#5 C:\xampp\htdocs\grundsolo\wp-config.php(177): require_once('C:\\xampp\\htdocs...')
#6 C:\xampp\htdocs\grundsolo\wp-load.php(50): require_once('C:\\xampp\\htdocs...')
#7 C:\xampp\htdocs\grundsolo\wp-admin\admin.php(34): require_once('C:\\xampp\\htdocs...')
#8 C:\xampp\htdocs\grundsolo\wp-admin\plugins.php(10): require_once('C:\\xampp\\htdocs...')
#9 {main}
  thrown в C:\xampp\htdocs\grundsolo\wp-content\plugins\woosidebars\classes\class-woo-sidebars.php на строке 170

2021-09-20T09:25:19+00:00 CRITICAL Uncaught ValueError: Unknown format specifier "a" in C:\xampp\htdocs\grundsolo\wp-content\plugins\woosidebars\classes\class-woo-sidebars.php:170
Stack trace:
#0 C:\xampp\htdocs\grundsolo\wp-content\plugins\woosidebars\classes\class-woo-sidebars.php(170): sprintf('Search %a', 'Widget Areas')
#1 C:\xampp\htdocs\grundsolo\wp-includes\class-wp-hook.php(303): Woo_Sidebars->register_post_type('')
#2 C:\xampp\htdocs\grundsolo\wp-includes\class-wp-hook.php(327): WP_Hook->apply_filters(NULL, Array)
#3 C:\xampp\htdocs\grundsolo\wp-includes\plugin.php(470): WP_Hook->do_action(Array)
#4 C:\xampp\htdocs\grundsolo\wp-settings.php(578): do_action('init')
#5 C:\xampp\htdocs\grundsolo\wp-config.php(177): require_once('C:\\xampp\\htdocs...')
#6 C:\xampp\htdocs\grundsolo\wp-load.php(50): require_once('C:\\xampp\\htdocs...')
#7 C:\xampp\htdocs\grundsolo\wp-admin\admin.php(34): require_once('C:\\xampp\\htdocs...')
#8 C:\xampp\htdocs\grundsolo\wp-admin\plugins.php(10): require_once('C:\\xampp\\htdocs...')
#9 {main}
  thrown в C:\xampp\htdocs\grundsolo\wp-content\plugins\woosidebars\classes\class-woo-sidebars.php на строке 170

2021-09-20T09:28:32+00:00 CRITICAL Uncaught Error: Unknown named parameter $id in C:\xampp\htdocs\grundsolo\wp-includes\class-wp-hook.php:303
Stack trace:
#0 C:\xampp\htdocs\grundsolo\wp-includes\class-wp-hook.php(327): WP_Hook->apply_filters('', Array)
#1 C:\xampp\htdocs\grundsolo\wp-includes\plugin.php(518): WP_Hook->do_action(Array)
#2 C:\xampp\htdocs\grundsolo\wp-cron.php(138): do_action_ref_array('hmbkp_schedule_...', Array)
#3 {main}
  thrown в C:\xampp\htdocs\grundsolo\wp-includes\class-wp-hook.php на строке 303

2021-09-20T09:29:34+00:00 CRITICAL Uncaught Error: Unknown named parameter $id in C:\xampp\htdocs\grundsolo\wp-includes\class-wp-hook.php:303
Stack trace:
#0 C:\xampp\htdocs\grundsolo\wp-includes\class-wp-hook.php(327): WP_Hook->apply_filters('', Array)
#1 C:\xampp\htdocs\grundsolo\wp-includes\plugin.php(518): WP_Hook->do_action(Array)
#2 C:\xampp\htdocs\grundsolo\wp-cron.php(138): do_action_ref_array('hmbkp_schedule_...', Array)
#3 {main}
  thrown в C:\xampp\htdocs\grundsolo\wp-includes\class-wp-hook.php на строке 303

2021-09-20T09:29:34+00:00 CRITICAL Uncaught Error: Unknown named parameter $id in C:\xampp\htdocs\grundsolo\wp-includes\class-wp-hook.php:303
Stack trace:
#0 C:\xampp\htdocs\grundsolo\wp-includes\class-wp-hook.php(327): WP_Hook->apply_filters('', Array)
#1 C:\xampp\htdocs\grundsolo\wp-includes\plugin.php(518): WP_Hook->do_action(Array)
#2 C:\xampp\htdocs\grundsolo\wp-cron.php(138): do_action_ref_array('hmbkp_schedule_...', Array)
#3 {main}
  thrown в C:\xampp\htdocs\grundsolo\wp-includes\class-wp-hook.php на строке 303

